18:57:59.598 [main] INFO  api.test.UserTest - ******** Create user **********
18:58:02.892 [main] INFO  api.test.UserTest - ********user created **********
18:58:02.909 [main] INFO  api.test.UserTest - ******** Reading user information **********
18:58:04.390 [main] INFO  api.test.UserTest - ******** User information is displayed **********
18:58:04.397 [main] INFO  api.test.UserTest - ******** Updating user information **********
18:58:07.420 [main] INFO  api.test.UserTest - ******** User updated **********
18:58:07.423 [main] INFO  api.test.UserTest - ******** Deleting user information **********
18:58:08.840 [main] INFO  api.test.UserTest - ******** user information deleted **********
19:06:04.688 [main] INFO  api.test.UserTest - ******** Create user **********
19:06:07.922 [main] INFO  api.test.UserTest - ********user created **********
19:06:07.941 [main] INFO  api.test.UserTest - ******** Reading user information **********
19:06:09.237 [main] INFO  api.test.UserTest - ******** User information is displayed **********
19:06:09.243 [main] INFO  api.test.UserTest - ******** Updating user information **********
19:06:12.476 [main] INFO  api.test.UserTest - ******** User updated **********
19:06:12.480 [main] INFO  api.test.UserTest - ******** Deleting user information **********
19:06:13.825 [main] INFO  api.test.UserTest - ******** user information deleted **********
19:24:37.301 [main] INFO  api.test.UserTest - ******** Create user **********
19:24:40.490 [main] INFO  api.test.UserTest - ******** Reading user information **********
19:24:42.016 [main] INFO  api.test.UserTest - ******** Updating user information **********
19:24:44.545 [main] INFO  api.test.UserTest - ******** Deleting user information **********
19:24:46.028 [main] INFO  api.test.UserTest - ******** user information deleted **********
19:25:52.363 [main] INFO  api.test.UserTest - ******** Create user **********
19:25:55.614 [main] INFO  api.test.UserTest - ********user created **********
19:25:55.620 [main] INFO  api.test.UserTest - ******** Reading user information **********
19:25:56.820 [main] INFO  api.test.UserTest - ******** User information is displayed **********
19:25:56.826 [main] INFO  api.test.UserTest - ******** Updating user information **********
19:26:00.010 [main] INFO  api.test.UserTest - ******** User updated **********
19:26:00.021 [main] INFO  api.test.UserTest - ******** Deleting user information **********
19:26:01.299 [main] INFO  api.test.UserTest - ******** user information deleted **********
19:46:53.836 [main] INFO  api.test.UserTest - ******** Create user **********
19:46:57.651 [main] INFO  api.test.UserTest - ********user created **********
19:46:57.666 [main] INFO  api.test.UserTest - ******** Reading user information **********
19:46:58.892 [main] INFO  api.test.UserTest - ******** User information is displayed **********
19:46:58.895 [main] INFO  api.test.UserTest - ******** Updating user information **********
19:47:02.093 [main] INFO  api.test.UserTest - ******** User updated **********
19:47:02.096 [main] INFO  api.test.UserTest - ******** Deleting user information **********
19:47:03.313 [main] INFO  api.test.UserTest - ******** user information deleted **********
19:47:54.496 [main] INFO  api.test.UserTest - ******** Create user **********
19:47:58.189 [main] INFO  api.test.UserTest - ********user created **********
19:47:58.209 [main] INFO  api.test.UserTest - ******** Reading user information **********
19:47:59.434 [main] INFO  api.test.UserTest - ******** User information is displayed **********
19:47:59.437 [main] INFO  api.test.UserTest - ******** Updating user information **********
19:48:02.577 [main] INFO  api.test.UserTest - ******** User updated **********
19:48:02.581 [main] INFO  api.test.UserTest - ******** Deleting user information **********
19:48:03.983 [main] INFO  api.test.UserTest - ******** user information deleted **********
20:27:36.178 [main] INFO  api.test.UserTest - ******** Create user **********
20:27:39.607 [main] INFO  api.test.UserTest - ********user created **********
20:27:39.618 [main] INFO  api.test.UserTest - ******** Reading user information **********
20:27:40.871 [main] INFO  api.test.UserTest - ******** User information is displayed **********
20:27:40.875 [main] INFO  api.test.UserTest - ******** Updating user information **********
20:27:43.894 [main] INFO  api.test.UserTest - ******** User updated **********
20:27:43.899 [main] INFO  api.test.UserTest - ******** Deleting user information **********
20:27:45.160 [main] INFO  api.test.UserTest - ******** user information deleted **********
15:05:22.896 [main] INFO  api.test.UserTest - ******** Create user **********
15:05:24.752 [main] INFO  api.test.UserTest - ******** Reading user information **********
15:05:24.795 [main] INFO  api.test.UserTest - ******** Updating user information **********
15:05:24.826 [main] INFO  api.test.UserTest - ******** Deleting user information **********
15:07:40.630 [main] INFO  api.test.UserTest - ******** Create user **********
15:07:45.133 [main] INFO  api.test.UserTest - ********user created **********
15:07:45.145 [main] INFO  api.test.UserTest - ******** Reading user information **********
15:07:46.409 [main] INFO  api.test.UserTest - ******** User information is displayed **********
15:07:46.412 [main] INFO  api.test.UserTest - ******** Updating user information **********
15:07:49.303 [main] INFO  api.test.UserTest - ******** User updated **********
15:07:49.307 [main] INFO  api.test.UserTest - ******** Deleting user information **********
15:07:50.509 [main] INFO  api.test.UserTest - ******** user information deleted **********
15:13:11.816 [main] INFO  api.test.UserTest - ******** Create user **********
15:13:15.274 [main] INFO  api.test.UserTest - ********user created **********
15:13:15.284 [main] INFO  api.test.UserTest - ******** Reading user information **********
15:13:16.506 [main] INFO  api.test.UserTest - ******** User information is displayed **********
15:13:16.509 [main] INFO  api.test.UserTest - ******** Updating user information **********
15:13:19.467 [main] INFO  api.test.UserTest - ******** User updated **********
15:13:19.470 [main] INFO  api.test.UserTest - ******** Deleting user information **********
15:13:20.733 [main] INFO  api.test.UserTest - ******** user information deleted **********
15:15:26.392 [main] INFO  api.test.UserTest - ******** Create user **********
15:15:28.296 [main] INFO  api.test.UserTest - ******** Reading user information **********
15:15:28.331 [main] INFO  api.test.UserTest - ******** Updating user information **********
15:15:28.356 [main] INFO  api.test.UserTest - ******** Deleting user information **********
15:19:37.517 [main] INFO  api.test.UserTest - ******** Create user **********
15:19:40.844 [main] INFO  api.test.UserTest - ********user created **********
15:19:40.856 [main] INFO  api.test.UserTest - ******** Reading user information **********
15:19:42.047 [main] INFO  api.test.UserTest - ******** User information is displayed **********
15:19:42.050 [main] INFO  api.test.UserTest - ******** Updating user information **********
15:19:45.006 [main] INFO  api.test.UserTest - ******** User updated **********
15:19:45.009 [main] INFO  api.test.UserTest - ******** Deleting user information **********
15:19:46.156 [main] INFO  api.test.UserTest - ******** user information deleted **********
20:00:11.571 [main] INFO  api.test.UserTest - ******** Create user **********
20:00:14.435 [main] INFO  api.test.UserTest - ********user created **********
20:00:14.446 [main] INFO  api.test.UserTest - ******** Reading user information **********
20:00:15.677 [main] INFO  api.test.UserTest - ******** User information is displayed **********
20:00:15.682 [main] INFO  api.test.UserTest - ******** Updating user information **********
20:00:18.658 [main] INFO  api.test.UserTest - ******** User updated **********
20:00:18.660 [main] INFO  api.test.UserTest - ******** Deleting user information **********
20:00:19.877 [main] INFO  api.test.UserTest - ******** user information deleted **********
20:00:31.702 [main] INFO  api.test.UserTest - ******** Create user **********
20:00:34.226 [main] INFO  api.test.UserTest - ********user created **********
20:00:34.240 [main] INFO  api.test.UserTest - ******** Reading user information **********
20:00:35.467 [main] INFO  api.test.UserTest - ******** User information is displayed **********
20:00:35.471 [main] INFO  api.test.UserTest - ******** Updating user information **********
20:00:38.322 [main] INFO  api.test.UserTest - ******** User updated **********
20:00:38.324 [main] INFO  api.test.UserTest - ******** Deleting user information **********
20:00:39.638 [main] INFO  api.test.UserTest - ******** user information deleted **********
20:54:17.394 [main] INFO  api.test.UserTest - ******** Create user **********
20:54:17.481 [main] INFO  api.test.UserTest - ******** Reading user information **********
20:54:17.495 [main] INFO  api.test.UserTest - ******** Deleting user information **********
21:05:17.721 [main] INFO  api.test.UserTest - ******** Create user **********
21:05:17.728 [main] INFO  api.test.UserTest - ******** Reading user information **********
21:05:17.735 [main] INFO  api.test.UserTest - ******** Deleting user information **********
21:05:33.642 [main] INFO  api.test.UserTest - ******** Create user **********
21:05:33.648 [main] INFO  api.test.UserTest - ******** Reading user information **********
21:05:33.652 [main] INFO  api.test.UserTest - ******** Deleting user information **********
21:44:27.879 [main] INFO  api.test.UserTest - ******** Create user **********
21:44:30.623 [main] INFO  api.test.UserTest - ********user created **********
21:44:30.630 [main] INFO  api.test.UserTest - ******** Reading user information **********
21:44:31.946 [main] INFO  api.test.UserTest - ******** User information is displayed **********
21:44:31.949 [main] INFO  api.test.UserTest - ******** Updating user information **********
21:44:34.831 [main] INFO  api.test.UserTest - ******** User updated **********
21:44:34.835 [main] INFO  api.test.UserTest - ******** Deleting user information **********
21:44:36.037 [main] INFO  api.test.UserTest - ******** user information deleted **********
21:51:02.508 [main] INFO  api.test.UserTest - ******** Create user **********
21:51:05.106 [main] INFO  api.test.UserTest - ********user created **********
21:51:05.111 [main] INFO  api.test.UserTest - ******** Reading user information **********
21:51:06.412 [main] INFO  api.test.UserTest - ******** User information is displayed **********
21:51:06.417 [main] INFO  api.test.UserTest - ******** Updating user information **********
21:51:09.319 [main] INFO  api.test.UserTest - ******** User updated **********
21:51:09.323 [main] INFO  api.test.UserTest - ******** Deleting user information **********
21:51:10.572 [main] INFO  api.test.UserTest - ******** user information deleted **********
21:55:28.704 [main] INFO  api.test.UserTest - ******** Create user **********
21:55:31.386 [main] INFO  api.test.UserTest - ********user created **********
21:55:31.391 [main] INFO  api.test.UserTest - ******** Reading user information **********
21:55:32.677 [main] INFO  api.test.UserTest - ******** User information is displayed **********
21:55:32.684 [main] INFO  api.test.UserTest - ******** Updating user information **********
21:55:35.625 [main] INFO  api.test.UserTest - ******** User updated **********
21:55:35.627 [main] INFO  api.test.UserTest - ******** Deleting user information **********
21:55:36.846 [main] INFO  api.test.UserTest - ******** user information deleted **********
21:57:35.642 [main] INFO  api.test.UserTest - ******** Create user **********
21:57:38.261 [main] INFO  api.test.UserTest - ********user created **********
21:57:38.267 [main] INFO  api.test.UserTest - ******** Reading user information **********
21:57:39.427 [main] INFO  api.test.UserTest - ******** User information is displayed **********
21:57:39.432 [main] INFO  api.test.UserTest - ******** Updating user information **********
21:57:42.308 [main] INFO  api.test.UserTest - ******** User updated **********
21:57:42.312 [main] INFO  api.test.UserTest - ******** Deleting user information **********
21:57:43.538 [main] INFO  api.test.UserTest - ******** user information deleted **********
22:00:20.091 [main] INFO  api.test.UserTest - ******** Create user **********
22:00:22.855 [main] INFO  api.test.UserTest - ********user created **********
22:00:35.604 [main] INFO  api.test.UserTest - ******** Reading user information **********
22:00:36.829 [main] INFO  api.test.UserTest - ******** User information is displayed **********
22:00:46.051 [main] INFO  api.test.UserTest - ******** Updating user information **********
22:00:58.898 [main] INFO  api.test.UserTest - ******** User updated **********
22:01:09.863 [main] INFO  api.test.UserTest - ******** Deleting user information **********
22:01:11.069 [main] INFO  api.test.UserTest - ******** user information deleted **********
22:02:29.581 [main] INFO  api.test.UserTest - ******** Create user **********
22:02:33.468 [main] INFO  api.test.UserTest - ********user created **********
22:02:33.473 [main] INFO  api.test.UserTest - ******** Reading user information **********
22:02:34.717 [main] INFO  api.test.UserTest - ******** User information is displayed **********
22:02:34.719 [main] INFO  api.test.UserTest - ******** Updating user information **********
22:02:37.614 [main] INFO  api.test.UserTest - ******** User updated **********
22:02:37.615 [main] INFO  api.test.UserTest - ******** Deleting user information **********
22:02:38.761 [main] INFO  api.test.UserTest - ******** user information deleted **********
19:53:06.871 [main] INFO  api.test.PetTest - ******** Add New Pet **********
19:54:12.550 [main] INFO  api.test.PetTest - ******** Add New Pet **********
19:56:06.536 [main] INFO  api.test.PetTest - ******** Add New Pet **********
19:56:10.153 [main] INFO  api.test.PetTest - ******** New Pet Added Successfully **********
20:06:08.827 [main] INFO  api.test.PetTest - ******** Add New Pet **********
20:06:11.737 [main] INFO  api.test.PetTest - ******** New Pet Added Successfully **********
20:06:11.744 [main] INFO  api.test.PetTest - ******** Updating user information **********
20:06:11.883 [main] INFO  api.test.PetTest - ******** Add New Pet **********
20:06:50.608 [main] INFO  api.test.PetTest - ******** Add New Pet **********
20:06:53.744 [main] INFO  api.test.PetTest - ******** New Pet Added Successfully **********
20:06:53.751 [main] INFO  api.test.PetTest - ******** Add New Pet **********
20:06:53.793 [main] INFO  api.test.PetTest - ******** Updating user information **********
20:09:37.154 [main] INFO  api.test.PetTest - ******** Add New Pet **********
20:09:40.197 [main] INFO  api.test.PetTest - ******** New Pet Added Successfully **********
20:09:40.203 [main] INFO  api.test.PetTest - ******** Add New Pet **********
20:09:41.590 [main] INFO  api.test.PetTest - ******** New Pet Added Successfully **********
20:09:41.597 [main] INFO  api.test.PetTest - ******** Updating user information **********
20:17:33.171 [main] INFO  api.test.PetTest - ******** Add New Pet **********
20:17:36.069 [main] INFO  api.test.PetTest - ******** New Pet Added Successfully **********
20:17:36.076 [main] INFO  api.test.PetTest - ******** Add New Pet **********
20:17:37.316 [main] INFO  api.test.PetTest - ******** New Pet Added Successfully **********
20:17:37.320 [main] INFO  api.test.PetTest - ******** Updating user information **********
20:17:40.539 [main] INFO  api.test.PetTest - ******** Pet details updated **********
20:21:01.796 [main] INFO  api.test.PetTest - ******** Add New Pet **********
20:21:05.099 [main] INFO  api.test.PetTest - ******** New Pet Added Successfully **********
20:21:05.109 [main] INFO  api.test.PetTest - ******** Add New Pet **********
20:21:06.493 [main] INFO  api.test.PetTest - ******** New Pet Added Successfully **********
20:21:06.506 [main] INFO  api.test.PetTest - ******** Updating user information **********
20:21:09.685 [main] INFO  api.test.PetTest - ******** Pet details updated **********
20:24:03.469 [main] INFO  api.test.PetTest - ******** Add New Pet **********
20:24:06.474 [main] INFO  api.test.PetTest - ******** New Pet Added Successfully **********
20:24:06.483 [main] INFO  api.test.PetTest - ******** Add New Pet **********
20:24:07.792 [main] INFO  api.test.PetTest - ******** New Pet Added Successfully **********
20:24:07.801 [main] INFO  api.test.PetTest - ******** Updating user information **********
20:24:11.194 [main] INFO  api.test.PetTest - ******** Pet details updated **********
20:24:11.198 [main] INFO  api.test.PetTest - ******** Delete Pet Details **********
20:35:44.207 [main] INFO  api.test.PetTest - ******** Add New Pet **********
20:35:47.261 [main] INFO  api.test.PetTest - ******** New Pet Added Successfully **********
20:35:47.266 [main] INFO  api.test.PetTest - ******** Add New Pet **********
20:35:48.538 [main] INFO  api.test.PetTest - ******** New Pet Added Successfully **********
20:35:48.541 [main] INFO  api.test.PetTest - ******** Updating user information **********
20:35:51.607 [main] INFO  api.test.PetTest - ******** Pet details updated **********
20:35:51.609 [main] INFO  api.test.PetTest - ******** Delete Pet Details **********
20:35:52.848 [main] INFO  api.test.PetTest - ******** Pet info deleted Successfully **********
